<?xml version="1.0" encoding="UTF-8"?>
<!-- Generated by org.testng.reporters.JUnitReportReporter -->
<testsuite skipped="0" hostname="sgl-pc" name="pl.itsqc.tests.TestSuiteOne" tests="2" failures="0" timestamp="03 sie 2019 18:50:57 GMT" time="15.536" errors="0">
  <testcase name="VerificationIfUserCanLoginToTwitterAndAddTweet" time="8.979" classname="pl.itsqc.tests.TestSuiteOne"/>
  <testcase name="VerificationIfUserCanFollowAndUnfollowProfile" time="6.557" classname="pl.itsqc.tests.TestSuiteOne"/>
</testsuite> <!-- pl.itsqc.tests.TestSuiteOne -->
